# JRE version: OpenJDK Runtime Environment (12.0+33) (build 12+33)
# Java VM: OpenJDK 64-Bit Server VM (12+33, mixed mode, sharing, tiered, compressed oops, g1 gc, bsd-amd64)
Heap:
 garbage-first heap   total 250880K, used 181028K [0x0000000700000000, 0x0000000800000000)
  region size 1024K, 18 young (18432K), 17 survivors (17408K)
 Metaspace       used 11583K, capacity 11797K, committed 12032K, reserved 1060864K
  class space    used 1187K, capacity 1252K, committed 1280K, reserved 1048576K
GC Heap History (10 events):
Event: 8.072 GC heap before
{Heap before GC invocations=3 (full 0):
 garbage-first heap   total 264192K, used 158480K [0x0000000700000000, 0x0000000800000000)
  region size 1024K, 80 young (81920K), 4 survivors (4096K)
 Metaspace       used 10339K, capacity 10566K, committed 10880K, reserved 1058816K
  class space    used 995K, capacity 1056K, committed 1152K, reserved 1048576K
}
Event: 8.074 GC heap after
{Heap after GC invocations=4 (full 0):
 garbage-first heap   total 264192K, used 80782K [0x0000000700000000, 0x0000000800000000)
  region size 1024K, 4 young (4096K), 4 survivors (4096K)
 Metaspace       used 10339K, capacity 10566K, committed 10880K, reserved 1058816K
  class space    used 995K, capacity 1056K, committed 1152K, reserved 1048576K
}
Event: 8.560 GC heap before
{Heap before GC invocations=4 (full 0):
 garbage-first heap   total 264192K, used 242574K [0x0000000700000000, 0x0000000800000000)
  region size 1024K, 138 young (141312K), 4 survivors (4096K)
 Metaspace       used 10801K, capacity 11046K, committed 11264K, reserved 1058816K
  class space    used 1071K, capacity 1152K, committed 1280K, reserved 1048576K
}
Event: 8.562 GC heap after
{Heap after GC invocations=5 (full 0):
 garbage-first heap   total 264192K, used 106318K [0x0000000700000000, 0x0000000800000000)
  region size 1024K, 4 young (4096K), 4 survivors (4096K)
 Metaspace       used 10801K, capacity 11046K, committed 11264K, reserved 1058816K
  class space    used 1071K, capacity 1152K, committed 1280K, reserved 1048576K
}
Event: 8.681 GC heap before
{Heap before GC invocations=5 (full 0):
 garbage-first heap   total 264192K, used 164686K [0x0000000700000000, 0x0000000800000000)
  region size 1024K, 63 young (64512K), 4 survivors (4096K)
 Metaspace       used 10812K, capacity 11046K, committed 11264K, reserved 1058816K
  class space    used 1071K, capacity 1152K, committed 1280K, reserved 1048576K
}
Event: 8.683 GC heap after
{Heap after GC invocations=6 (full 0):
 garbage-first heap   total 264192K, used 72622K [0x0000000700000000, 0x0000000800000000)
  region size 1024K, 4 young (4096K), 4 survivors (4096K)
 Metaspace       used 10812K, capacity 11046K, committed 11264K, reserved 1058816K
  class space    used 1071K, capacity 1152K, committed 1280K, reserved 1048576K
}
Event: 9.031 GC heap before
{Heap before GC invocations=7 (full 0):
 garbage-first heap   total 225280K, used 213934K [0x0000000700000000, 0x0000000800000000)
  region size 1024K, 127 young (130048K), 4 survivors (4096K)
 Metaspace       used 11167K, capacity 11398K, committed 11520K, reserved 1058816K
  class space    used 1145K, capacity 1248K, committed 1280K, reserved 1048576K
}
Event: 9.033 GC heap after
{Heap after GC invocations=8 (full 0):
 garbage-first heap   total 225280K, used 38599K [0x0000000700000000, 0x0000000800000000)
  region size 1024K, 4 young (4096K), 4 survivors (4096K)
 Metaspace       used 11167K, capacity 11398K, committed 11520K, reserved 1058816K
  class space    used 1145K, capacity 1248K, committed 1280K, reserved 1048576K
}
Event: 9.120 GC heap before
{Heap before GC invocations=9 (full 0):
 garbage-first heap   total 225280K, used 157383K [0x0000000700000000, 0x0000000800000000)
  region size 1024K, 60 young (61440K), 4 survivors (4096K)
 Metaspace       used 11566K, capacity 11791K, committed 12032K, reserved 1060864K
  class space    used 1184K, capacity 1251K, committed 1280K, reserved 1048576K
}
Event: 9.125 GC heap after
{Heap after GC invocations=10 (full 0):
 garbage-first heap   total 225280K, used 120612K [0x0000000700000000, 0x0000000800000000)
  region size 1024K, 17 young (17408K), 17 survivors (17408K)
 Metaspace       used 11566K, capacity 11791K, committed 12032K, reserved 1060864K
  class space    used 1184K, capacity 1251K, committed 1280K, reserved 1048576K
}

