# JRE version: OpenJDK Runtime Environment (12.0+33) (build 12+33)
# Java VM: OpenJDK 64-Bit Server VM (12+33, mixed mode, sharing, tiered, compressed oops, g1 gc, bsd-amd64)
Heap:
 garbage-first heap   total 250880K, used 180916K [0x0000000700000000, 0x0000000800000000)
  region size 1024K, 18 young (18432K), 17 survivors (17408K)
 Metaspace       used 11581K, capacity 11797K, committed 12032K, reserved 1060864K
  class space    used 1188K, capacity 1252K, committed 1280K, reserved 1048576K
GC Heap History (10 events):
Event: 3.475 GC heap before
{Heap before GC invocations=3 (full 0):
 garbage-first heap   total 264192K, used 157207K [0x0000000700000000, 0x0000000800000000)
  region size 1024K, 79 young (80896K), 4 survivors (4096K)
 Metaspace       used 10341K, capacity 10566K, committed 10880K, reserved 1058816K
  class space    used 995K, capacity 1056K, committed 1152K, reserved 1048576K
}
Event: 3.476 GC heap after
{Heap after GC invocations=4 (full 0):
 garbage-first heap   total 264192K, used 80588K [0x0000000700000000, 0x0000000800000000)
  region size 1024K, 4 young (4096K), 4 survivors (4096K)
 Metaspace       used 10341K, capacity 10566K, committed 10880K, reserved 1058816K
  class space    used 995K, capacity 1056K, committed 1152K, reserved 1048576K
}
Event: 4.006 GC heap before
{Heap before GC invocations=4 (full 0):
 garbage-first heap   total 264192K, used 241356K [0x0000000700000000, 0x0000000800000000)
  region size 1024K, 137 young (140288K), 4 survivors (4096K)
 Metaspace       used 10810K, capacity 11046K, committed 11520K, reserved 1058816K
  class space    used 1073K, capacity 1152K, committed 1280K, reserved 1048576K
}
Event: 4.008 GC heap after
{Heap after GC invocations=5 (full 0):
 garbage-first heap   total 264192K, used 106309K [0x0000000700000000, 0x0000000800000000)
  region size 1024K, 4 young (4096K), 4 survivors (4096K)
 Metaspace       used 10810K, capacity 11046K, committed 11520K, reserved 1058816K
  class space    used 1073K, capacity 1152K, committed 1280K, reserved 1048576K
}
Event: 4.146 GC heap before
{Heap before GC invocations=5 (full 0):
 garbage-first heap   total 264192K, used 167749K [0x0000000700000000, 0x0000000800000000)
  region size 1024K, 66 young (67584K), 4 survivors (4096K)
 Metaspace       used 10821K, capacity 11046K, committed 11520K, reserved 1058816K
  class space    used 1073K, capacity 1152K, committed 1280K, reserved 1048576K
}
Event: 4.148 GC heap after
{Heap after GC invocations=6 (full 0):
 garbage-first heap   total 264192K, used 72342K [0x0000000700000000, 0x0000000800000000)
  region size 1024K, 4 young (4096K), 4 survivors (4096K)
 Metaspace       used 10821K, capacity 11046K, committed 11520K, reserved 1058816K
  class space    used 1073K, capacity 1152K, committed 1280K, reserved 1048576K
}
Event: 4.505 GC heap before
{Heap before GC invocations=7 (full 0):
 garbage-first heap   total 225280K, used 213654K [0x0000000700000000, 0x0000000800000000)
  region size 1024K, 127 young (130048K), 4 survivors (4096K)
 Metaspace       used 11172K, capacity 11398K, committed 11776K, reserved 1060864K
  class space    used 1148K, capacity 1248K, committed 1280K, reserved 1048576K
}
Event: 4.508 GC heap after
{Heap after GC invocations=8 (full 0):
 garbage-first heap   total 225280K, used 38586K [0x0000000700000000, 0x0000000800000000)
  region size 1024K, 4 young (4096K), 4 survivors (4096K)
 Metaspace       used 11172K, capacity 11398K, committed 11776K, reserved 1060864K
  class space    used 1148K, capacity 1248K, committed 1280K, reserved 1048576K
}
Event: 4.668 GC heap before
{Heap before GC invocations=9 (full 0):
 garbage-first heap   total 225280K, used 157370K [0x0000000700000000, 0x0000000800000000)
  region size 1024K, 60 young (61440K), 4 survivors (4096K)
 Metaspace       used 11570K, capacity 11791K, committed 12032K, reserved 1060864K
  class space    used 1187K, capacity 1251K, committed 1280K, reserved 1048576K
}
Event: 4.674 GC heap after
{Heap after GC invocations=10 (full 0):
 garbage-first heap   total 225280K, used 120500K [0x0000000700000000, 0x0000000800000000)
  region size 1024K, 17 young (17408K), 17 survivors (17408K)
 Metaspace       used 11570K, capacity 11791K, committed 12032K, reserved 1060864K
  class space    used 1187K, capacity 1251K, committed 1280K, reserved 1048576K
}

